<?xml version="1.0" encoding="UTF-8"?>
<!-- Generated by org.testng.reporters.JUnitReportReporter -->
<testsuite hostname="DESKTOP-I50C56H" failures="0" tests="1" name="com.testscenarios.Scenario1_StatusCreationAndMakeDefault" time="71.605" errors="0" timestamp="2023-07-17T22:50:14 IST" skipped="0">
  <testcase classname="com.testscenarios.Scenario1_StatusCreationAndMakeDefault" name="f" time="71.605"/>
  <system-out/>
</testsuite> <!-- com.testscenarios.Scenario1_StatusCreationAndMakeDefault -->
