<?xml version="1.0" encoding="UTF-8"?>
<!-- Generated by org.testng.reporters.JUnitReportReporter -->
<testsuite hostname="DESKTOP-I50C56H" failures="0" tests="1" name="com.testscenarios.Scenario1_PriorityCreationAndMakeDefault" time="45.141" errors="0" timestamp="2023-07-17T19:06:55 IST" skipped="0">
  <testcase classname="com.testscenarios.Scenario1_PriorityCreationAndMakeDefault" name="f" time="45.141"/>
  <system-out/>
</testsuite> <!-- com.testscenarios.Scenario1_PriorityCreationAndMakeDefault -->
