<?xml version="1.0" encoding="UTF-8"?>
<!-- Generated by org.testng.reporters.JUnitReportReporter -->
<testsuite hostname="DESKTOP-I50C56H" failures="0" tests="1" name="com.testscenarios.Scenario3_DeletePriority" time="52.737" errors="0" timestamp="2023-07-17T23:11:43 IST" skipped="0">
  <testcase classname="com.testscenarios.Scenario3_DeletePriority" name="f" time="52.737"/>
  <system-out/>
</testsuite> <!-- com.testscenarios.Scenario3_DeletePriority -->
