<?xml version="1.0" encoding="UTF-8"?>
<!-- Generated by org.testng.reporters.JUnitReportReporter -->
<testsuite hostname="DESKTOP-I50C56H" failures="0" tests="1" name="com.testscenarios.Scenario3_DeleteStatus" time="47.524" errors="0" timestamp="2023-07-17T23:01:51 IST" skipped="0">
  <testcase classname="com.testscenarios.Scenario3_DeleteStatus" name="f" time="47.524"/>
  <system-out/>
</testsuite> <!-- com.testscenarios.Scenario3_DeleteStatus -->
