<?xml version="1.0" encoding="UTF-8"?>
<!-- Generated by org.testng.reporters.JUnitReportReporter -->
<testsuite hostname="DESKTOP-I50C56H" failures="0" tests="1" name="com.testscenarios.Scenario1" time="45.996" errors="0" timestamp="2023-07-16T22:59:37 IST" skipped="0">
  <testcase classname="com.testscenarios.Scenario1" name="f" time="45.996"/>
  <system-out/>
</testsuite> <!-- com.testscenarios.Scenario1 -->
